SCORES FOR THE GROUP: devel RUN=1

Strict matching (boundaries + type)
cor	inc	par	mis	spu	total	prec	recall	F1
637	500	0	634	663	1771	0.35	0.36	0.36



Exact matching
cor	inc	par	mis	spu	total	prec	recall	F1
864	273	0	634	663	1771	0.48	0.49	0.48



Partial matching
cor	inc	par	mis	spu	total	prec	recall	F1
864	0	273	634	663	1771	0.48	0.56	0.52



type matching
cor	inc	par	mis	spu	total	prec	recall	F1
796	341	0	634	663	1771	0.44	0.45	0.45



SCORES FOR ENTITY TYPE
Exact matching on drug
cor	inc	par	mis	spu	total	prec	recall	F1
406	21	0	618	121	1045	0.74	0.39	0.51


Exact matching on brand
cor	inc	par	mis	spu	total	prec	recall	F1
120	0	0	60	47	180	0.72	0.67	0.69


Exact matching on group
cor	inc	par	mis	spu	total	prec	recall	F1
85	123	0	246	71	454	0.3	0.19	0.23


Exact matching on drug_n
cor	inc	par	mis	spu	total	prec	recall	F1
26	15	0	51	40	92	0.32	0.28	0.3


MACRO-AVERAGE MEASURES:
P	R	F1
0.52	0.38	0.43
________________________________________________________________________

